<?xml version="1.0" encoding="UTF-8"?>
<!-- Generated by org.testng.reporters.JUnitXMLReporter -->
<testsuite ignored="0" hostname="AMIT" failures="0" tests="5" name="Default test" time="29.133" errors="0" timestamp="2023-04-16T21:56:25 IST">
  <testcase classname="api.tests.DataDrivenTest" name="createBooking" time="6.385"/>
  <testcase classname="api.tests.DataDrivenTest" name="createBooking" time="2.778"/>
  <testcase classname="api.tests.DataDrivenTest" name="createBooking" time="5.163"/>
  <testcase classname="api.tests.DataDrivenTest" name="createBooking" time="6.889"/>
  <testcase classname="api.tests.DataDrivenTest" name="createBooking" time="6.415"/>
</testsuite> <!-- Default test -->
