<?xml version="1.0" encoding="UTF-8"?>
<!-- Generated by org.testng.reporters.JUnitXMLReporter -->
<testsuite ignored="0" hostname="AMIT" failures="0" tests="10" name="Test" time="28.681" errors="0" timestamp="2023-04-20T12:45:08 IST">
  <testcase classname="api.tests.DataDrivenTest" name="createBooking" time="4.685"/>
  <testcase classname="api.tests.DataDrivenTest" name="createBooking" time="2.013"/>
  <testcase classname="api.tests.DataDrivenTest" name="createBooking" time="1.946"/>
  <testcase classname="api.tests.DataDrivenTest" name="createBooking" time="2.248"/>
  <testcase classname="api.tests.DataDrivenTest" name="createBooking" time="1.941"/>
  <testcase classname="api.tests.BookingTests" name="testBooking" time="2.048"/>
  <testcase classname="api.tests.BookingTests" name="updateBookingTest" time="2.227"/>
  <testcase classname="api.tests.BookingTests" name="getBooking" time="2.04"/>
  <testcase classname="api.tests.BookingTests" name="deleteBooking" time="2.041"/>
  <testcase classname="api.tests.BookingTests" name="checkDeleteBooking" time="1.943"/>
</testsuite> <!-- Test -->
