<?xml version="1.0" encoding="UTF-8"?>
<!-- Generated by org.testng.reporters.JUnitXMLReporter -->
<testsuite ignored="0" hostname="AMIT" failures="0" tests="10" name="Test" time="31.351" errors="0" timestamp="2023-04-20T13:20:31 IST">
  <testcase classname="api.tests.DataDrivenTest" name="createBooking" time="5.768"/>
  <testcase classname="api.tests.DataDrivenTest" name="createBooking" time="2.074"/>
  <testcase classname="api.tests.DataDrivenTest" name="createBooking" time="2.14"/>
  <testcase classname="api.tests.DataDrivenTest" name="createBooking" time="2.044"/>
  <testcase classname="api.tests.DataDrivenTest" name="createBooking" time="2.148"/>
  <testcase classname="api.tests.BookingTests" name="testBooking" time="2.152"/>
  <testcase classname="api.tests.BookingTests" name="updateBookingTest" time="2.02"/>
  <testcase classname="api.tests.BookingTests" name="getBooking" time="2.244"/>
  <testcase classname="api.tests.BookingTests" name="deleteBooking" time="1.841"/>
  <testcase classname="api.tests.BookingTests" name="checkDeleteBooking" time="2.047"/>
</testsuite> <!-- Test -->
