<?xml version="1.0" encoding="UTF-8"?>
<!-- Generated by org.testng.reporters.JUnitXMLReporter -->
<testsuite ignored="0" hostname="AMIT" failures="0" tests="10" name="Test" time="34.005" errors="0" timestamp="2023-04-21T10:33:30 IST">
  <testcase classname="api.tests.DataDrivenTest" name="createBooking" time="5.829"/>
  <testcase classname="api.tests.DataDrivenTest" name="createBooking" time="2.07"/>
  <testcase classname="api.tests.DataDrivenTest" name="createBooking" time="2.453"/>
  <testcase classname="api.tests.DataDrivenTest" name="createBooking" time="2.249"/>
  <testcase classname="api.tests.DataDrivenTest" name="createBooking" time="2.453"/>
  <testcase classname="api.tests.BookingTests" name="testBooking" time="2.213"/>
  <testcase classname="api.tests.BookingTests" name="updateBookingTest" time="2.99"/>
  <testcase classname="api.tests.BookingTests" name="getBooking" time="2.492"/>
  <testcase classname="api.tests.BookingTests" name="deleteBooking" time="2.865"/>
  <testcase classname="api.tests.BookingTests" name="checkDeleteBooking" time="2.863"/>
</testsuite> <!-- Test -->
