<?xml version="1.0" encoding="UTF-8"?>
<testng-results ignored="0" total="10" passed="10" failed="0" skipped="0">
  <reporter-output>
  </reporter-output>
  <suite started-at="2023-04-21T10:32:56 IST" name="Suite" finished-at="2023-04-21T10:33:30 IST" duration-ms="34005">
    <groups>
    </groups>
    <test started-at="2023-04-21T10:32:56 IST" name="Test" finished-at="2023-04-21T10:33:30 IST" duration-ms="34005">
      <class name="api.tests.BookingTests">
        <test-method is-config="true" signature="setupData()[pri:0, instance:api.tests.BookingTests@41fbdac4]" started-at="2023-04-21T10:33:13 IST" name="setupData" finished-at="2023-04-21T10:33:16 IST" duration-ms="3143" status="PASS">
          <reporter-output>
          </reporter-output>
        </test-method> <!-- setupData -->
        <test-method signature="testBooking()[pri:1, instance:api.tests.BookingTests@41fbdac4]" started-at="2023-04-21T10:33:16 IST" name="testBooking" finished-at="2023-04-21T10:33:18 IST" duration-ms="2213" status="PASS">
          <reporter-output>
          </reporter-output>
        </test-method> <!-- testBooking -->
        <test-method signature="updateBookingTest()[pri:2, instance:api.tests.BookingTests@41fbdac4]" started-at="2023-04-21T10:33:18 IST" name="updateBookingTest" finished-at="2023-04-21T10:33:21 IST" duration-ms="2990" status="PASS">
          <reporter-output>
          </reporter-output>
        </test-method> <!-- updateBookingTest -->
        <test-method signature="getBooking()[pri:3, instance:api.tests.BookingTests@41fbdac4]" started-at="2023-04-21T10:33:21 IST" name="getBooking" finished-at="2023-04-21T10:33:24 IST" duration-ms="2492" status="PASS">
          <reporter-output>
          </reporter-output>
        </test-method> <!-- getBooking -->
        <test-method signature="deleteBooking()[pri:4, instance:api.tests.BookingTests@41fbdac4]" started-at="2023-04-21T10:33:24 IST" name="deleteBooking" finished-at="2023-04-21T10:33:27 IST" duration-ms="2865" status="PASS">
          <reporter-output>
          </reporter-output>
        </test-method> <!-- deleteBooking -->
        <test-method signature="checkDeleteBooking()[pri:5, instance:api.tests.BookingTests@41fbdac4]" started-at="2023-04-21T10:33:27 IST" name="checkDeleteBooking" finished-at="2023-04-21T10:33:30 IST" duration-ms="2863" status="PASS">
          <reporter-output>
          </reporter-output>
        </test-method> <!-- checkDeleteBooking -->
      </class> <!-- api.tests.BookingTests -->
      <class name="api.tests.DataDrivenTest">
        <test-method signature="createBooking(java.lang.String,java.lang.String,java.lang.String,java.lang.String,java.lang.String,java.lang.String,java.lang.String)[pri:1, instance:api.tests.DataDrivenTest@19bb07ed]" started-at="2023-04-21T10:32:58 IST" name="createBooking" data-provider="Data" finished-at="2023-04-21T10:33:04 IST" duration-ms="5829" status="PASS">
          <params>
            <param index="0">
              <value>
                <![CDATA[Amit]]>
              </value>
            </param>
            <param index="1">
              <value>
                <![CDATA[Ghosh]]>
              </value>
            </param>
            <param index="2">
              <value>
                <![CDATA[200]]>
              </value>
            </param>
            <param index="3">
              <value>
                <![CDATA[true]]>
              </value>
            </param>
            <param index="4">
              <value>
                <![CDATA[lunch]]>
              </value>
            </param>
            <param index="5">
              <value>
                <![CDATA[2023-04-20]]>
              </value>
            </param>
            <param index="6">
              <value>
                <![CDATA[2023-04-24]]>
              </value>
            </param>
          </params>
          <reporter-output>
          </reporter-output>
        </test-method> <!-- createBooking -->
        <test-method signature="createBooking(java.lang.String,java.lang.String,java.lang.String,java.lang.String,java.lang.String,java.lang.String,java.lang.String)[pri:1, instance:api.tests.DataDrivenTest@19bb07ed]" started-at="2023-04-21T10:33:04 IST" name="createBooking" data-provider="Data" finished-at="2023-04-21T10:33:06 IST" duration-ms="2070" status="PASS">
          <params>
            <param index="0">
              <value>
                <![CDATA[Sumit]]>
              </value>
            </param>
            <param index="1">
              <value>
                <![CDATA[Ghosh]]>
              </value>
            </param>
            <param index="2">
              <value>
                <![CDATA[500]]>
              </value>
            </param>
            <param index="3">
              <value>
                <![CDATA[true]]>
              </value>
            </param>
            <param index="4">
              <value>
                <![CDATA[dinner]]>
              </value>
            </param>
            <param index="5">
              <value>
                <![CDATA[2023-04-21]]>
              </value>
            </param>
            <param index="6">
              <value>
                <![CDATA[2023-04-25]]>
              </value>
            </param>
          </params>
          <reporter-output>
          </reporter-output>
        </test-method> <!-- createBooking -->
        <test-method signature="createBooking(java.lang.String,java.lang.String,java.lang.String,java.lang.String,java.lang.String,java.lang.String,java.lang.String)[pri:1, instance:api.tests.DataDrivenTest@19bb07ed]" started-at="2023-04-21T10:33:06 IST" name="createBooking" data-provider="Data" finished-at="2023-04-21T10:33:08 IST" duration-ms="2453" status="PASS">
          <params>
            <param index="0">
              <value>
                <![CDATA[Saptadipa]]>
              </value>
            </param>
            <param index="1">
              <value>
                <![CDATA[Ghosh]]>
              </value>
            </param>
            <param index="2">
              <value>
                <![CDATA[250]]>
              </value>
            </param>
            <param index="3">
              <value>
                <![CDATA[false]]>
              </value>
            </param>
            <param index="4">
              <value>
                <![CDATA[brakefast]]>
              </value>
            </param>
            <param index="5">
              <value>
                <![CDATA[2023-04-22]]>
              </value>
            </param>
            <param index="6">
              <value>
                <![CDATA[2023-04-26]]>
              </value>
            </param>
          </params>
          <reporter-output>
          </reporter-output>
        </test-method> <!-- createBooking -->
        <test-method signature="createBooking(java.lang.String,java.lang.String,java.lang.String,java.lang.String,java.lang.String,java.lang.String,java.lang.String)[pri:1, instance:api.tests.DataDrivenTest@19bb07ed]" started-at="2023-04-21T10:33:08 IST" name="createBooking" data-provider="Data" finished-at="2023-04-21T10:33:11 IST" duration-ms="2249" status="PASS">
          <params>
            <param index="0">
              <value>
                <![CDATA[Samir]]>
              </value>
            </param>
            <param index="1">
              <value>
                <![CDATA[Kumar]]>
              </value>
            </param>
            <param index="2">
              <value>
                <![CDATA[450]]>
              </value>
            </param>
            <param index="3">
              <value>
                <![CDATA[true]]>
              </value>
            </param>
            <param index="4">
              <value>
                <![CDATA[sex]]>
              </value>
            </param>
            <param index="5">
              <value>
                <![CDATA[2023-04-23]]>
              </value>
            </param>
            <param index="6">
              <value>
                <![CDATA[2023-04-27]]>
              </value>
            </param>
          </params>
          <reporter-output>
          </reporter-output>
        </test-method> <!-- createBooking -->
        <test-method signature="createBooking(java.lang.String,java.lang.String,java.lang.String,java.lang.String,java.lang.String,java.lang.String,java.lang.String)[pri:1, instance:api.tests.DataDrivenTest@19bb07ed]" started-at="2023-04-21T10:33:11 IST" name="createBooking" data-provider="Data" finished-at="2023-04-21T10:33:13 IST" duration-ms="2453" status="PASS">
          <params>
            <param index="0">
              <value>
                <![CDATA[Chandana]]>
              </value>
            </param>
            <param index="1">
              <value>
                <![CDATA[Subhra]]>
              </value>
            </param>
            <param index="2">
              <value>
                <![CDATA[300]]>
              </value>
            </param>
            <param index="3">
              <value>
                <![CDATA[false]]>
              </value>
            </param>
            <param index="4">
              <value>
                <![CDATA[pros]]>
              </value>
            </param>
            <param index="5">
              <value>
                <![CDATA[2023-04-24]]>
              </value>
            </param>
            <param index="6">
              <value>
                <![CDATA[2023-04-28]]>
              </value>
            </param>
          </params>
          <reporter-output>
          </reporter-output>
        </test-method> <!-- createBooking -->
      </class> <!-- api.tests.DataDrivenTest -->
    </test> <!-- Test -->
  </suite> <!-- Suite -->
</testng-results>
