<?xml version="1.0" encoding="UTF-8"?>
<testsuite xmlns:xsi="http://www.w3.org/2001/XMLSchema-instance" xsi:noNamespaceSchemaLocation="https://maven.apache.org/surefire/maven-surefire-plugin/xsd/surefire-test-report-3.0.xsd" version="3.0" name="TestSuite" time="35.413" tests="10" errors="0" skipped="0" failures="0">
  <properties>
[...]
</properties>
  <testcase name="createBooking[Amit, Ghosh, 200, true, lunch, 2023-04-20, 2023-04-24](1)" classname="api.tests.DataDrivenTest" time="5.857">
    <system-out><![CDATA[HTTP/1.1 200 OK
Server: Cowboy
Connection: keep-alive
X-Powered-By: Express
Content-Type: application/json; charset=utf-8
Content-Length: 195
Etag: W/"c3-oJ+YsibUEz+3mDBm4G5+K9edb1U"
Date: Fri, 21 Apr 2023 05:03:03 GMT
Via: 1.1 vegur

{
    "bookingid": 14683,
    "booking": {
        "firstname": "Amit",
        "lastname": "Ghosh",
        "totalprice": 200,
        "depositpaid": true,
        "bookingdates": {
            "checkin": "2023-04-20",
            "checkout": "2023-04-24"
        },
        "additionalneeds": "lunch"
    }
}
]]></system-out>
    <system-err><![CDATA[SLF4J: Failed to load class "org.slf4j.impl.StaticLoggerBinder".
SLF4J: Defaulting to no-operation (NOP) logger implementation
SLF4J: See http://www.slf4j.org/codes.html#StaticLoggerBinder for further details.
]]></system-err>
  </testcase>
  <testcase name="createBooking[Sumit, Ghosh, 500, true, dinner, 2023-04-21, 2023-04-25](2)" classname="api.tests.DataDrivenTest" time="2.083">
    <system-out><![CDATA[HTTP/1.1 200 OK
Server: Cowboy
Connection: keep-alive
X-Powered-By: Express
Content-Type: application/json; charset=utf-8
Content-Length: 197
Etag: W/"c5-NLDH2JmI6j9+9N+PhY9NnPJXGcA"
Date: Fri, 21 Apr 2023 05:03:05 GMT
Via: 1.1 vegur

{
    "bookingid": 14743,
    "booking": {
        "firstname": "Sumit",
        "lastname": "Ghosh",
        "totalprice": 500,
        "depositpaid": true,
        "bookingdates": {
            "checkin": "2023-04-21",
            "checkout": "2023-04-25"
        },
        "additionalneeds": "dinner"
    }
}
]]></system-out>
  </testcase>
  <testcase name="createBooking[Saptadipa, Ghosh, 250, false, brakefast, 2023-04-22, 2023-04-26](3)" classname="api.tests.DataDrivenTest" time="2.44">
    <system-out><![CDATA[HTTP/1.1 200 OK
Server: Cowboy
Connection: keep-alive
X-Powered-By: Express
Content-Type: application/json; charset=utf-8
Content-Length: 205
Etag: W/"cd-bRgbBciACUYtxCgLkh6k8OdX7zQ"
Date: Fri, 21 Apr 2023 05:03:08 GMT
Via: 1.1 vegur

{
    "bookingid": 14806,
    "booking": {
        "firstname": "Saptadipa",
        "lastname": "Ghosh",
        "totalprice": 250,
        "depositpaid": false,
        "bookingdates": {
            "checkin": "2023-04-22",
            "checkout": "2023-04-26"
        },
        "additionalneeds": "brakefast"
    }
}
]]></system-out>
  </testcase>
  <testcase name="createBooking[Samir, Kumar, 450, true, sex, 2023-04-23, 2023-04-27](4)" classname="api.tests.DataDrivenTest" time="2.246">
    <system-out><![CDATA[HTTP/1.1 200 OK
Server: Cowboy
Connection: keep-alive
X-Powered-By: Express
Content-Type: application/json; charset=utf-8
Content-Length: 194
Etag: W/"c2-wiqJwpyF+6oH+LWjnZ59btiu+qk"
Date: Fri, 21 Apr 2023 05:03:10 GMT
Via: 1.1 vegur

{
    "bookingid": 14834,
    "booking": {
        "firstname": "Samir",
        "lastname": "Kumar",
        "totalprice": 450,
        "depositpaid": true,
        "bookingdates": {
            "checkin": "2023-04-23",
            "checkout": "2023-04-27"
        },
        "additionalneeds": "sex"
    }
}
]]></system-out>
  </testcase>
  <testcase name="createBooking[Chandana, Subhra, 300, false, pros, 2023-04-24, 2023-04-28](5)" classname="api.tests.DataDrivenTest" time="2.452">
    <system-out><![CDATA[HTTP/1.1 200 OK
Server: Cowboy
Connection: keep-alive
X-Powered-By: Express
Content-Type: application/json; charset=utf-8
Content-Length: 200
Etag: W/"c8-DpIwQnCf3UnF3HubO7iKPT1vXmY"
Date: Fri, 21 Apr 2023 05:03:13 GMT
Via: 1.1 vegur

{
    "bookingid": 14859,
    "booking": {
        "firstname": "Chandana",
        "lastname": "Subhra",
        "totalprice": 300,
        "depositpaid": false,
        "bookingdates": {
            "checkin": "2023-04-24",
            "checkout": "2023-04-28"
        },
        "additionalneeds": "pros"
    }
}
]]></system-out>
  </testcase>
  <testcase name="testBooking" classname="api.tests.BookingTests" time="2.218">
    <system-out><![CDATA[HTTP/1.1 200 OK
Server: Cowboy
Connection: keep-alive
X-Powered-By: Express
Content-Type: application/json; charset=utf-8
Content-Length: 196
Etag: W/"c4-ntdL6dQyzETmBTS9+U98r48vyxE"
Date: Fri, 21 Apr 2023 05:03:18 GMT
Via: 1.1 vegur

{
    "bookingid": 14920,
    "booking": {
        "firstname": "Merle",
        "lastname": "Braun",
        "totalprice": 464,
        "depositpaid": true,
        "bookingdates": {
            "checkin": "2023-04-20",
            "checkout": "2023-04-24"
        },
        "additionalneeds": "lunch"
    }
}
]]></system-out>
  </testcase>
  <testcase name="updateBookingTest" classname="api.tests.BookingTests" time="2.994">
    <system-out><![CDATA[HTTP/1.1 200 OK
Server: Cowboy
Connection: keep-alive
X-Powered-By: Express
Content-Type: application/json; charset=utf-8
Content-Length: 166
Etag: W/"a6-MJzUuK8LrtcuNZXMIMFRZJMSdFk"
Date: Fri, 21 Apr 2023 05:03:21 GMT
Via: 1.1 vegur

{
    "firstname": "Minnie",
    "lastname": "Wiza",
    "totalprice": 464,
    "depositpaid": true,
    "bookingdates": {
        "checkin": "2023-04-20",
        "checkout": "2023-04-24"
    },
    "additionalneeds": "lunch"
}
]]></system-out>
  </testcase>
  <testcase name="getBooking" classname="api.tests.BookingTests" time="2.494">
    <system-out><![CDATA[HTTP/1.1 200 OK
Server: Cowboy
Connection: keep-alive
X-Powered-By: Express
Content-Type: application/json; charset=utf-8
Content-Length: 166
Etag: W/"a6-MJzUuK8LrtcuNZXMIMFRZJMSdFk"
Date: Fri, 21 Apr 2023 05:03:23 GMT
Via: 1.1 vegur

{
    "firstname": "Minnie",
    "lastname": "Wiza",
    "totalprice": 464,
    "depositpaid": true,
    "bookingdates": {
        "checkin": "2023-04-20",
        "checkout": "2023-04-24"
    },
    "additionalneeds": "lunch"
}
]]></system-out>
  </testcase>
  <testcase name="deleteBooking" classname="api.tests.BookingTests" time="2.864">
    <system-out><![CDATA[HTTP/1.1 201 Created
Server: Cowboy
Connection: keep-alive
X-Powered-By: Express
Content-Type: text/plain; charset=utf-8
Content-Length: 7
Etag: W/"7-rM9AyJuqT6iOan/xHh+AW+7K/T8"
Date: Fri, 21 Apr 2023 05:03:26 GMT
Via: 1.1 vegur

Created
]]></system-out>
  </testcase>
  <testcase name="checkDeleteBooking" classname="api.tests.BookingTests" time="2.907">
    <system-out><![CDATA[HTTP/1.1 404 Not Found
Server: Cowboy
Connection: keep-alive
X-Powered-By: Express
Content-Type: text/plain; charset=utf-8
Content-Length: 9
Etag: W/"9-0gXL1ngzMqISxa6S1zx3F4wtLyg"
Date: Fri, 21 Apr 2023 05:03:29 GMT
Via: 1.1 vegur

Not Found
]]></system-out>
  </testcase>
</testsuite>