<?xml version="1.0" encoding="UTF-8"?>
<testsuite xmlns:xsi="http://www.w3.org/2001/XMLSchema-instance" xsi:noNamespaceSchemaLocation="https://maven.apache.org/surefire/maven-surefire-plugin/xsd/surefire-test-report-3.0.xsd" version="3.0" name="TestSuite" time="33.536" tests="10" errors="0" skipped="0" failures="0">
  <properties>
[...]
</properties>
  <testcase name="createBooking[Amit, Ghosh, 200, true, lunch, 2023-04-20, 2023-04-24](1)" classname="api.tests.DataDrivenTest" time="5.788">
    <system-out><![CDATA[HTTP/1.1 200 OK
Server: Cowboy
Connection: keep-alive
X-Powered-By: Express
Content-Type: application/json; charset=utf-8
Content-Length: 194
Etag: W/"c2-u40O3GRb342OI4RQ6cD0irxNy9c"
Date: Thu, 20 Apr 2023 07:50:11 GMT
Via: 1.1 vegur

{
    "bookingid": 9471,
    "booking": {
        "firstname": "Amit",
        "lastname": "Ghosh",
        "totalprice": 200,
        "depositpaid": true,
        "bookingdates": {
            "checkin": "2023-04-20",
            "checkout": "2023-04-24"
        },
        "additionalneeds": "lunch"
    }
}
]]></system-out>
    <system-err><![CDATA[SLF4J: Failed to load class "org.slf4j.impl.StaticLoggerBinder".
SLF4J: Defaulting to no-operation (NOP) logger implementation
SLF4J: See http://www.slf4j.org/codes.html#StaticLoggerBinder for further details.
]]></system-err>
  </testcase>
  <testcase name="createBooking[Sumit, Ghosh, 500, true, dinner, 2023-04-21, 2023-04-25](2)" classname="api.tests.DataDrivenTest" time="2.103">
    <system-out><![CDATA[HTTP/1.1 200 OK
Server: Cowboy
Connection: keep-alive
X-Powered-By: Express
Content-Type: application/json; charset=utf-8
Content-Length: 196
Etag: W/"c4-s+21not9sJ4DJPXGjw+UAY982wQ"
Date: Thu, 20 Apr 2023 07:50:14 GMT
Via: 1.1 vegur

{
    "bookingid": 9498,
    "booking": {
        "firstname": "Sumit",
        "lastname": "Ghosh",
        "totalprice": 500,
        "depositpaid": true,
        "bookingdates": {
            "checkin": "2023-04-21",
            "checkout": "2023-04-25"
        },
        "additionalneeds": "dinner"
    }
}
]]></system-out>
  </testcase>
  <testcase name="createBooking[Saptadipa, Ghosh, 250, false, brakefast, 2023-04-22, 2023-04-26](3)" classname="api.tests.DataDrivenTest" time="2.136">
    <system-out><![CDATA[HTTP/1.1 200 OK
Server: Cowboy
Connection: keep-alive
X-Powered-By: Express
Content-Type: application/json; charset=utf-8
Content-Length: 204
Etag: W/"cc-Y0zmdb7WQVgaNTy/nwbQVeXGgMw"
Date: Thu, 20 Apr 2023 07:50:16 GMT
Via: 1.1 vegur

{
    "bookingid": 9533,
    "booking": {
        "firstname": "Saptadipa",
        "lastname": "Ghosh",
        "totalprice": 250,
        "depositpaid": false,
        "bookingdates": {
            "checkin": "2023-04-22",
            "checkout": "2023-04-26"
        },
        "additionalneeds": "brakefast"
    }
}
]]></system-out>
  </testcase>
  <testcase name="createBooking[Samir, Kumar, 450, true, sex, 2023-04-23, 2023-04-27](4)" classname="api.tests.DataDrivenTest" time="2.025">
    <system-out><![CDATA[HTTP/1.1 200 OK
Server: Cowboy
Connection: keep-alive
X-Powered-By: Express
Content-Type: application/json; charset=utf-8
Content-Length: 193
Etag: W/"c1-TayK+sAJ20LeULzypq7exMco0N8"
Date: Thu, 20 Apr 2023 07:50:18 GMT
Via: 1.1 vegur

{
    "bookingid": 9555,
    "booking": {
        "firstname": "Samir",
        "lastname": "Kumar",
        "totalprice": 450,
        "depositpaid": true,
        "bookingdates": {
            "checkin": "2023-04-23",
            "checkout": "2023-04-27"
        },
        "additionalneeds": "sex"
    }
}
]]></system-out>
  </testcase>
  <testcase name="createBooking[Chandana, Subhra, 300, false, pros, 2023-04-24, 2023-04-28](5)" classname="api.tests.DataDrivenTest" time="2.15">
    <system-out><![CDATA[HTTP/1.1 200 OK
Server: Cowboy
Connection: keep-alive
X-Powered-By: Express
Content-Type: application/json; charset=utf-8
Content-Length: 199
Etag: W/"c7-xbfmFP9KrmJQaFvu3i2LkuFabc8"
Date: Thu, 20 Apr 2023 07:50:20 GMT
Via: 1.1 vegur

{
    "bookingid": 9588,
    "booking": {
        "firstname": "Chandana",
        "lastname": "Subhra",
        "totalprice": 300,
        "depositpaid": false,
        "bookingdates": {
            "checkin": "2023-04-24",
            "checkout": "2023-04-28"
        },
        "additionalneeds": "pros"
    }
}
]]></system-out>
  </testcase>
  <testcase name="testBooking" classname="api.tests.BookingTests" time="2.15">
    <system-out><![CDATA[HTTP/1.1 200 OK
Server: Cowboy
Connection: keep-alive
X-Powered-By: Express
Content-Type: application/json; charset=utf-8
Content-Length: 197
Etag: W/"c5-eCh2jF7Da1PmTnLhVY83bzdFgQI"
Date: Thu, 20 Apr 2023 07:50:26 GMT
Via: 1.1 vegur

{
    "bookingid": 9684,
    "booking": {
        "firstname": "Evelina",
        "lastname": "Adams",
        "totalprice": 354,
        "depositpaid": true,
        "bookingdates": {
            "checkin": "2023-04-20",
            "checkout": "2023-04-24"
        },
        "additionalneeds": "lunch"
    }
}
]]></system-out>
  </testcase>
  <testcase name="updateBookingTest" classname="api.tests.BookingTests" time="2.031">
    <system-out><![CDATA[HTTP/1.1 200 OK
Server: Cowboy
Connection: keep-alive
X-Powered-By: Express
Content-Type: application/json; charset=utf-8
Content-Length: 169
Etag: W/"a9-ElzQRhnWqeGpYHvCjCLBa3edX3g"
Date: Thu, 20 Apr 2023 07:50:28 GMT
Via: 1.1 vegur

{
    "firstname": "Kenneth",
    "lastname": "Zulauf",
    "totalprice": 354,
    "depositpaid": true,
    "bookingdates": {
        "checkin": "2023-04-20",
        "checkout": "2023-04-24"
    },
    "additionalneeds": "lunch"
}
]]></system-out>
  </testcase>
  <testcase name="getBooking" classname="api.tests.BookingTests" time="2.244">
    <system-out><![CDATA[HTTP/1.1 200 OK
Server: Cowboy
Connection: keep-alive
X-Powered-By: Express
Content-Type: application/json; charset=utf-8
Content-Length: 169
Etag: W/"a9-ElzQRhnWqeGpYHvCjCLBa3edX3g"
Date: Thu, 20 Apr 2023 07:50:30 GMT
Via: 1.1 vegur

{
    "firstname": "Kenneth",
    "lastname": "Zulauf",
    "totalprice": 354,
    "depositpaid": true,
    "bookingdates": {
        "checkin": "2023-04-20",
        "checkout": "2023-04-24"
    },
    "additionalneeds": "lunch"
}
]]></system-out>
  </testcase>
  <testcase name="deleteBooking" classname="api.tests.BookingTests" time="1.839">
    <system-out><![CDATA[HTTP/1.1 201 Created
Server: Cowboy
Connection: keep-alive
X-Powered-By: Express
Content-Type: text/plain; charset=utf-8
Content-Length: 7
Etag: W/"7-rM9AyJuqT6iOan/xHh+AW+7K/T8"
Date: Thu, 20 Apr 2023 07:50:32 GMT
Via: 1.1 vegur

Created
]]></system-out>
  </testcase>
  <testcase name="checkDeleteBooking" classname="api.tests.BookingTests" time="2.049">
    <system-out><![CDATA[HTTP/1.1 404 Not Found
Server: Cowboy
Connection: keep-alive
X-Powered-By: Express
Content-Type: text/plain; charset=utf-8
Content-Length: 9
Etag: W/"9-0gXL1ngzMqISxa6S1zx3F4wtLyg"
Date: Thu, 20 Apr 2023 07:50:34 GMT
Via: 1.1 vegur

Not Found
]]></system-out>
  </testcase>
</testsuite>